-- The C compiler identification is GNU 11.4.0
-- The CXX compiler identification is GNU 11.4.0
-- Detecting C compiler ABI info
-- Detecting C compiler ABI info - done
-- Check for working C compiler: /usr/bin/cc - skipped
-- Detecting C compile features
-- Detecting C compile features - done
-- Detecting CXX compiler ABI info
-- Detecting CXX compiler ABI info - done
-- Check for working CXX compiler: /usr/bin/c++ - skipped
-- Detecting CXX compile features
-- Detecting CXX compile features - done
-- Found ament_cmake: 1.3.12 (/opt/ros/humble/share/ament_cmake/cmake)
-- Found Python3: /usr/bin/python3 (found version "3.10.12") found components: Interpreter 
-- Found ament_lint_auto: 0.12.14 (/opt/ros/humble/share/ament_lint_auto/cmake)
-- Added test 'flake8' to check Python code syntax and style conventions
-- Added test 'lint_cmake' to check CMake code style
-- Added test 'pep257' to check Python code against some of the docstring style conventions in PEP 257
-- Added test 'xmllint' to check XML markup files
-- Configuring done
-- Generating done
-- Build files have been written to: /home/averyhsu/projects/Wheeled_Biped/simulation_ws2/build/simulation
-- Install configuration: ""
-- Installing: /home/averyhsu/projects/Wheeled_Biped/simulation_ws2/install/simulation/share/ament_index/resource_index/package_run_dependencies/simulation
-- Installing: /home/averyhsu/projects/Wheeled_Biped/simulation_ws2/install/simulation/share/ament_index/resource_index/parent_prefix_path/simulation
-- Installing: /home/averyhsu/projects/Wheeled_Biped/simulation_ws2/install/simulation/share/simulation/environment/ament_prefix_path.sh
-- Installing: /home/averyhsu/projects/Wheeled_Biped/simulation_ws2/install/simulation/share/simulation/environment/ament_prefix_path.dsv
-- Installing: /home/averyhsu/projects/Wheeled_Biped/simulation_ws2/install/simulation/share/simulation/environment/path.sh
-- Installing: /home/averyhsu/projects/Wheeled_Biped/simulation_ws2/install/simulation/share/simulation/environment/path.dsv
-- Installing: /home/averyhsu/projects/Wheeled_Biped/simulation_ws2/install/simulation/share/simulation/local_setup.bash
-- Installing: /home/averyhsu/projects/Wheeled_Biped/simulation_ws2/install/simulation/share/simulation/local_setup.sh
-- Installing: /home/averyhsu/projects/Wheeled_Biped/simulation_ws2/install/simulation/share/simulation/local_setup.zsh
-- Installing: /home/averyhsu/projects/Wheeled_Biped/simulation_ws2/install/simulation/share/simulation/local_setup.dsv
-- Installing: /home/averyhsu/projects/Wheeled_Biped/simulation_ws2/install/simulation/share/simulation/package.dsv
-- Installing: /home/averyhsu/projects/Wheeled_Biped/simulation_ws2/install/simulation/share/ament_index/resource_index/packages/simulation
-- Installing: /home/averyhsu/projects/Wheeled_Biped/simulation_ws2/install/simulation/share/simulation/cmake/simulationConfig.cmake
-- Installing: /home/averyhsu/projects/Wheeled_Biped/simulation_ws2/install/simulation/share/simulation/cmake/simulationConfig-version.cmake
-- Installing: /home/averyhsu/projects/Wheeled_Biped/simulation_ws2/install/simulation/share/simulation/package.xml
