[0.057s] DEBUG:colcon:Command line arguments: ['/usr/bin/colcon', 'build']
[0.057s] DEBUG:colcon:Parsed command line arguments: Namespace(log_base=None, log_level=None, verb_name='build', build_base='build', install_base='install', merge_install=False, symlink_install=False, test_result_base=None, continue_on_error=False, executor='parallel', parallel_workers=20, event_handlers=None, ignore_user_meta=False, metas=['./colcon.meta'], base_paths=['.'], packages_ignore=None, packages_ignore_regex=None, paths=None, packages_up_to=None, packages_up_to_regex=None, packages_above=None, packages_above_and_dependencies=None, packages_above_depth=None, packages_select_by_dep=None, packages_skip_by_dep=None, packages_skip_up_to=None, packages_select_build_failed=False, packages_skip_build_finished=False, packages_select_test_failures=False, packages_skip_test_passed=False, packages_select=None, packages_skip=None, packages_select_regex=None, packages_skip_regex=None, packages_start=None, packages_end=None, allow_overriding=[], cmake_args=None, cmake_target=None, cmake_target_skip_unavailable=False, cmake_clean_cache=False, cmake_clean_first=False, cmake_force_configure=False, ament_cmake_args=None, catkin_cmake_args=None, catkin_skip_building_tests=False, mixin_files=None, mixin=None, verb_parser=<colcon_mixin.mixin.mixin_argument.MixinArgumentDecorator object at 0x7548b51f8490>, verb_extension=<colcon_core.verb.build.BuildVerb object at 0x7548b51c7e20>, main=<bound method BuildVerb.main of <colcon_core.verb.build.BuildVerb object at 0x7548b51c7e20>>, mixin_verb=('build',))
[0.224s] Level 1:colcon.colcon_core.package_discovery:discover_packages(colcon_meta) check parameters
[0.224s] Level 1:colcon.colcon_core.package_discovery:discover_packages(recursive) check parameters
[0.224s] Level 1:colcon.colcon_core.package_discovery:discover_packages(ignore) check parameters
[0.225s] Level 1:colcon.colcon_core.package_discovery:discover_packages(path) check parameters
[0.225s] Level 1:colcon.colcon_core.package_discovery:discover_packages(colcon_meta) discover
[0.225s] Level 1:colcon.colcon_core.package_discovery:discover_packages(recursive) discover
[0.225s] INFO:colcon.colcon_core.package_discovery:Crawling recursively for packages in '/home/averyhsu/projects/Wheeled_Biped/simulation_ws2'
[0.225s] Level 1:colcon.colcon_core.package_identification:_identify(.) by extensions ['ignore', 'ignore_ament_install']
[0.225s] Level 1:colcon.colcon_core.package_identification:_identify(.) by extension 'ignore'
[0.225s] Level 1:colcon.colcon_core.package_identification:_identify(.) by extension 'ignore_ament_install'
[0.225s] Level 1:colcon.colcon_core.package_identification:_identify(.) by extensions ['colcon_pkg']
[0.225s] Level 1:colcon.colcon_core.package_identification:_identify(.) by extension 'colcon_pkg'
[0.225s] Level 1:colcon.colcon_core.package_identification:_identify(.) by extensions ['colcon_meta']
[0.225s] Level 1:colcon.colcon_core.package_identification:_identify(.) by extension 'colcon_meta'
[0.225s] Level 1:colcon.colcon_core.package_identification:_identify(.) by extensions ['ros']
[0.225s] Level 1:colcon.colcon_core.package_identification:_identify(.) by extension 'ros'
[0.231s] Level 1:colcon.colcon_core.package_identification:_identify(.) by extensions ['cmake', 'python']
[0.231s] Level 1:colcon.colcon_core.package_identification:_identify(.) by extension 'cmake'
[0.231s] Level 1:colcon.colcon_core.package_identification:_identify(.) by extension 'python'
[0.231s] Level 1:colcon.colcon_core.package_identification:_identify(.) by extensions ['python_setup_py']
[0.231s] Level 1:colcon.colcon_core.package_identification:_identify(.) by extension 'python_setup_py'
[0.231s] Level 1:colcon.colcon_core.package_identification:_identify(build) by extensions ['ignore', 'ignore_ament_install']
[0.231s] Level 1:colcon.colcon_core.package_identification:_identify(build) by extension 'ignore'
[0.231s] Level 1:colcon.colcon_core.package_identification:_identify(build) ignored
[0.231s] Level 1:colcon.colcon_core.package_identification:_identify(install) by extensions ['ignore', 'ignore_ament_install']
[0.231s] Level 1:colcon.colcon_core.package_identification:_identify(install) by extension 'ignore'
[0.231s] Level 1:colcon.colcon_core.package_identification:_identify(install) ignored
[0.231s] Level 1:colcon.colcon_core.package_identification:_identify(log) by extensions ['ignore', 'ignore_ament_install']
[0.231s] Level 1:colcon.colcon_core.package_identification:_identify(log) by extension 'ignore'
[0.231s] Level 1:colcon.colcon_core.package_identification:_identify(log) ignored
[0.231s] Level 1:colcon.colcon_core.package_identification:_identify(src) by extensions ['ignore', 'ignore_ament_install']
[0.231s] Level 1:colcon.colcon_core.package_identification:_identify(src) by extension 'ignore'
[0.231s] Level 1:colcon.colcon_core.package_identification:_identify(src) by extension 'ignore_ament_install'
[0.231s] Level 1:colcon.colcon_core.package_identification:_identify(src) by extensions ['colcon_pkg']
[0.231s] Level 1:colcon.colcon_core.package_identification:_identify(src) by extension 'colcon_pkg'
[0.231s] Level 1:colcon.colcon_core.package_identification:_identify(src) by extensions ['colcon_meta']
[0.231s] Level 1:colcon.colcon_core.package_identification:_identify(src) by extension 'colcon_meta'
[0.231s] Level 1:colcon.colcon_core.package_identification:_identify(src) by extensions ['ros']
[0.231s] Level 1:colcon.colcon_core.package_identification:_identify(src) by extension 'ros'
[0.231s] Level 1:colcon.colcon_core.package_identification:_identify(src) by extensions ['cmake', 'python']
[0.231s] Level 1:colcon.colcon_core.package_identification:_identify(src) by extension 'cmake'
[0.232s] Level 1:colcon.colcon_core.package_identification:_identify(src) by extension 'python'
[0.232s] Level 1:colcon.colcon_core.package_identification:_identify(src) by extensions ['python_setup_py']
[0.232s] Level 1:colcon.colcon_core.package_identification:_identify(src) by extension 'python_setup_py'
[0.232s] Level 1:colcon.colcon_core.package_identification:_identify(src/control) by extensions ['ignore', 'ignore_ament_install']
[0.232s] Level 1:colcon.colcon_core.package_identification:_identify(src/control) by extension 'ignore'
[0.232s] Level 1:colcon.colcon_core.package_identification:_identify(src/control) by extension 'ignore_ament_install'
[0.232s] Level 1:colcon.colcon_core.package_identification:_identify(src/control) by extensions ['colcon_pkg']
[0.232s] Level 1:colcon.colcon_core.package_identification:_identify(src/control) by extension 'colcon_pkg'
[0.232s] Level 1:colcon.colcon_core.package_identification:_identify(src/control) by extensions ['colcon_meta']
[0.232s] Level 1:colcon.colcon_core.package_identification:_identify(src/control) by extension 'colcon_meta'
[0.232s] Level 1:colcon.colcon_core.package_identification:_identify(src/control) by extensions ['ros']
[0.232s] Level 1:colcon.colcon_core.package_identification:_identify(src/control) by extension 'ros'
[0.234s] DEBUG:colcon.colcon_core.package_identification:Package 'src/control' with type 'ros.ament_cmake' and name 'control'
[0.234s] Level 1:colcon.colcon_core.package_identification:_identify(src/simulation) by extensions ['ignore', 'ignore_ament_install']
[0.234s] Level 1:colcon.colcon_core.package_identification:_identify(src/simulation) by extension 'ignore'
[0.234s] Level 1:colcon.colcon_core.package_identification:_identify(src/simulation) by extension 'ignore_ament_install'
[0.234s] Level 1:colcon.colcon_core.package_identification:_identify(src/simulation) by extensions ['colcon_pkg']
[0.234s] Level 1:colcon.colcon_core.package_identification:_identify(src/simulation) by extension 'colcon_pkg'
[0.234s] Level 1:colcon.colcon_core.package_identification:_identify(src/simulation) by extensions ['colcon_meta']
[0.234s] Level 1:colcon.colcon_core.package_identification:_identify(src/simulation) by extension 'colcon_meta'
[0.234s] Level 1:colcon.colcon_core.package_identification:_identify(src/simulation) by extensions ['ros']
[0.234s] Level 1:colcon.colcon_core.package_identification:_identify(src/simulation) by extension 'ros'
[0.234s] DEBUG:colcon.colcon_core.package_identification:Package 'src/simulation' with type 'ros.ament_cmake' and name 'simulation'
[0.234s] Level 1:colcon.colcon_core.package_discovery:discover_packages(recursive) using defaults
[0.234s] Level 1:colcon.colcon_core.package_discovery:discover_packages(ignore) discover
[0.234s] Level 1:colcon.colcon_core.package_discovery:discover_packages(ignore) using defaults
[0.234s] Level 1:colcon.colcon_core.package_discovery:discover_packages(path) discover
[0.234s] Level 1:colcon.colcon_core.package_discovery:discover_packages(path) using defaults
[0.250s] Level 1:colcon.colcon_core.package_discovery:discover_packages(prefix_path) check parameters
[0.250s] Level 1:colcon.colcon_core.package_discovery:discover_packages(prefix_path) discover
[0.251s] DEBUG:colcon.colcon_installed_package_information.package_discovery:Found 2 installed packages in /home/averyhsu/projects/Wheeled_Biped/simulation_ws2/install
[0.251s] DEBUG:colcon.colcon_installed_package_information.package_discovery:Found 16 installed packages in /home/averyhsu/16280/ros2_ws/install
[0.252s] DEBUG:colcon.colcon_installed_package_information.package_discovery:Found 344 installed packages in /opt/ros/humble
[0.253s] Level 1:colcon.colcon_core.package_discovery:discover_packages(prefix_path) using defaults
[0.276s] Level 5:colcon.colcon_core.verb:set package 'control' build argument 'cmake_args' from command line to 'None'
[0.277s] Level 5:colcon.colcon_core.verb:set package 'control' build argument 'cmake_target' from command line to 'None'
[0.277s] Level 5:colcon.colcon_core.verb:set package 'control' build argument 'cmake_target_skip_unavailable' from command line to 'False'
[0.277s] Level 5:colcon.colcon_core.verb:set package 'control' build argument 'cmake_clean_cache' from command line to 'False'
[0.277s] Level 5:colcon.colcon_core.verb:set package 'control' build argument 'cmake_clean_first' from command line to 'False'
[0.277s] Level 5:colcon.colcon_core.verb:set package 'control' build argument 'cmake_force_configure' from command line to 'False'
[0.277s] Level 5:colcon.colcon_core.verb:set package 'control' build argument 'ament_cmake_args' from command line to 'None'
[0.277s] Level 5:colcon.colcon_core.verb:set package 'control' build argument 'catkin_cmake_args' from command line to 'None'
[0.277s] Level 5:colcon.colcon_core.verb:set package 'control' build argument 'catkin_skip_building_tests' from command line to 'False'
[0.277s] DEBUG:colcon.colcon_core.verb:Building package 'control' with the following arguments: {'ament_cmake_args': None, 'build_base': '/home/averyhsu/projects/Wheeled_Biped/simulation_ws2/build/control', 'catkin_cmake_args': None, 'catkin_skip_building_tests': False, 'cmake_args': None, 'cmake_clean_cache': False, 'cmake_clean_first': False, 'cmake_force_configure': False, 'cmake_target': None, 'cmake_target_skip_unavailable': False, 'install_base': '/home/averyhsu/projects/Wheeled_Biped/simulation_ws2/install/control', 'merge_install': False, 'path': '/home/averyhsu/projects/Wheeled_Biped/simulation_ws2/src/control', 'symlink_install': False, 'test_result_base': None}
[0.277s] Level 5:colcon.colcon_core.verb:set package 'simulation' build argument 'cmake_args' from command line to 'None'
[0.277s] Level 5:colcon.colcon_core.verb:set package 'simulation' build argument 'cmake_target' from command line to 'None'
[0.277s] Level 5:colcon.colcon_core.verb:set package 'simulation' build argument 'cmake_target_skip_unavailable' from command line to 'False'
[0.277s] Level 5:colcon.colcon_core.verb:set package 'simulation' build argument 'cmake_clean_cache' from command line to 'False'
[0.277s] Level 5:colcon.colcon_core.verb:set package 'simulation' build argument 'cmake_clean_first' from command line to 'False'
[0.277s] Level 5:colcon.colcon_core.verb:set package 'simulation' build argument 'cmake_force_configure' from command line to 'False'
[0.277s] Level 5:colcon.colcon_core.verb:set package 'simulation' build argument 'ament_cmake_args' from command line to 'None'
[0.277s] Level 5:colcon.colcon_core.verb:set package 'simulation' build argument 'catkin_cmake_args' from command line to 'None'
[0.277s] Level 5:colcon.colcon_core.verb:set package 'simulation' build argument 'catkin_skip_building_tests' from command line to 'False'
[0.277s] DEBUG:colcon.colcon_core.verb:Building package 'simulation' with the following arguments: {'ament_cmake_args': None, 'build_base': '/home/averyhsu/projects/Wheeled_Biped/simulation_ws2/build/simulation', 'catkin_cmake_args': None, 'catkin_skip_building_tests': False, 'cmake_args': None, 'cmake_clean_cache': False, 'cmake_clean_first': False, 'cmake_force_configure': False, 'cmake_target': None, 'cmake_target_skip_unavailable': False, 'install_base': '/home/averyhsu/projects/Wheeled_Biped/simulation_ws2/install/simulation', 'merge_install': False, 'path': '/home/averyhsu/projects/Wheeled_Biped/simulation_ws2/src/simulation', 'symlink_install': False, 'test_result_base': None}
[0.277s] INFO:colcon.colcon_core.executor:Executing jobs using 'parallel' executor
[0.278s] DEBUG:colcon.colcon_parallel_executor.executor.parallel:run_until_complete
[0.278s] INFO:colcon.colcon_ros.task.ament_cmake.build:Building ROS package in '/home/averyhsu/projects/Wheeled_Biped/simulation_ws2/src/control' with build type 'ament_cmake'
[0.279s] INFO:colcon.colcon_cmake.task.cmake.build:Building CMake package in '/home/averyhsu/projects/Wheeled_Biped/simulation_ws2/src/control'
[0.280s] INFO:colcon.colcon_core.plugin_system:Skipping extension 'colcon_core.shell.bat': Not used on non-Windows systems
[0.280s] INFO:colcon.colcon_core.shell:Skip shell extension 'powershell' for command environment: Not usable outside of PowerShell
[0.280s] DEBUG:colcon.colcon_core.shell:Skip shell extension 'dsv' for command environment
[0.283s] INFO:colcon.colcon_ros.task.ament_cmake.build:Building ROS package in '/home/averyhsu/projects/Wheeled_Biped/simulation_ws2/src/simulation' with build type 'ament_cmake'
[0.283s] INFO:colcon.colcon_cmake.task.cmake.build:Building CMake package in '/home/averyhsu/projects/Wheeled_Biped/simulation_ws2/src/simulation'
[0.283s] INFO:colcon.colcon_core.shell:Skip shell extension 'powershell' for command environment: Not usable outside of PowerShell
[0.283s] DEBUG:colcon.colcon_core.shell:Skip shell extension 'dsv' for command environment
[0.290s] DEBUG:colcon.colcon_core.event_handler.log_command:Invoking command in '/home/averyhsu/projects/Wheeled_Biped/simulation_ws2/build/control': CMAKE_PREFIX_PATH=${CMAKE_PREFIX_PATH}:/home/averyhsu/16280/ros2_ws/install/turtlebot3_teleop:/home/averyhsu/16280/ros2_ws/install/turtlebot3_example:/home/averyhsu/16280/ros2_ws/install/tb3_yaw_fusion:/home/averyhsu/16280/ros2_ws/install/talker:/home/averyhsu/16280/ros2_ws/install/occupancy_map:/home/averyhsu/16280/ros2_ws/install/icp_package:/opt/ros/humble /usr/bin/cmake --build /home/averyhsu/projects/Wheeled_Biped/simulation_ws2/build/control -- -j20 -l20
[0.294s] DEBUG:colcon.colcon_core.event_handler.log_command:Invoking command in '/home/averyhsu/projects/Wheeled_Biped/simulation_ws2/build/simulation': CMAKE_PREFIX_PATH=${CMAKE_PREFIX_PATH}:/home/averyhsu/16280/ros2_ws/install/turtlebot3_teleop:/home/averyhsu/16280/ros2_ws/install/turtlebot3_example:/home/averyhsu/16280/ros2_ws/install/tb3_yaw_fusion:/home/averyhsu/16280/ros2_ws/install/talker:/home/averyhsu/16280/ros2_ws/install/occupancy_map:/home/averyhsu/16280/ros2_ws/install/icp_package:/opt/ros/humble /usr/bin/cmake --build /home/averyhsu/projects/Wheeled_Biped/simulation_ws2/build/simulation -- -j20 -l20
[0.322s] DEBUG:colcon.colcon_core.event_handler.log_command:Invoked command in '/home/averyhsu/projects/Wheeled_Biped/simulation_ws2/build/control' returned '0': CMAKE_PREFIX_PATH=${CMAKE_PREFIX_PATH}:/home/averyhsu/16280/ros2_ws/install/turtlebot3_teleop:/home/averyhsu/16280/ros2_ws/install/turtlebot3_example:/home/averyhsu/16280/ros2_ws/install/tb3_yaw_fusion:/home/averyhsu/16280/ros2_ws/install/talker:/home/averyhsu/16280/ros2_ws/install/occupancy_map:/home/averyhsu/16280/ros2_ws/install/icp_package:/opt/ros/humble /usr/bin/cmake --build /home/averyhsu/projects/Wheeled_Biped/simulation_ws2/build/control -- -j20 -l20
[0.331s] DEBUG:colcon.colcon_core.event_handler.log_command:Invoking command in '/home/averyhsu/projects/Wheeled_Biped/simulation_ws2/build/control': CMAKE_PREFIX_PATH=${CMAKE_PREFIX_PATH}:/home/averyhsu/16280/ros2_ws/install/turtlebot3_teleop:/home/averyhsu/16280/ros2_ws/install/turtlebot3_example:/home/averyhsu/16280/ros2_ws/install/tb3_yaw_fusion:/home/averyhsu/16280/ros2_ws/install/talker:/home/averyhsu/16280/ros2_ws/install/occupancy_map:/home/averyhsu/16280/ros2_ws/install/icp_package:/opt/ros/humble /usr/bin/cmake --install /home/averyhsu/projects/Wheeled_Biped/simulation_ws2/build/control
[0.339s] Level 1:colcon.colcon_core.environment:create_environment_scripts_only(control)
[0.340s] DEBUG:colcon.colcon_core.event_handler.log_command:Invoked command in '/home/averyhsu/projects/Wheeled_Biped/simulation_ws2/build/control' returned '0': CMAKE_PREFIX_PATH=${CMAKE_PREFIX_PATH}:/home/averyhsu/16280/ros2_ws/install/turtlebot3_teleop:/home/averyhsu/16280/ros2_ws/install/turtlebot3_example:/home/averyhsu/16280/ros2_ws/install/tb3_yaw_fusion:/home/averyhsu/16280/ros2_ws/install/talker:/home/averyhsu/16280/ros2_ws/install/occupancy_map:/home/averyhsu/16280/ros2_ws/install/icp_package:/opt/ros/humble /usr/bin/cmake --install /home/averyhsu/projects/Wheeled_Biped/simulation_ws2/build/control
[0.341s] Level 1:colcon.colcon_core.environment:checking '/home/averyhsu/projects/Wheeled_Biped/simulation_ws2/install/control' for CMake module files
[0.342s] Level 1:colcon.colcon_core.environment:checking '/home/averyhsu/projects/Wheeled_Biped/simulation_ws2/install/control' for CMake config files
[0.342s] Level 1:colcon.colcon_core.shell:create_environment_hook('control', 'cmake_prefix_path')
[0.342s] INFO:colcon.colcon_core.shell:Creating environment hook '/home/averyhsu/projects/Wheeled_Biped/simulation_ws2/install/control/share/control/hook/cmake_prefix_path.ps1'
[0.342s] INFO:colcon.colcon_core.shell:Creating environment descriptor '/home/averyhsu/projects/Wheeled_Biped/simulation_ws2/install/control/share/control/hook/cmake_prefix_path.dsv'
[0.343s] INFO:colcon.colcon_core.shell:Creating environment hook '/home/averyhsu/projects/Wheeled_Biped/simulation_ws2/install/control/share/control/hook/cmake_prefix_path.sh'
[0.343s] Level 1:colcon.colcon_core.environment:checking '/home/averyhsu/projects/Wheeled_Biped/simulation_ws2/install/control/bin'
[0.344s] Level 1:colcon.colcon_core.environment:checking '/home/averyhsu/projects/Wheeled_Biped/simulation_ws2/install/control/lib/pkgconfig/control.pc'
[0.344s] Level 1:colcon.colcon_core.environment:checking '/home/averyhsu/projects/Wheeled_Biped/simulation_ws2/install/control/lib/python3.10/site-packages'
[0.344s] Level 1:colcon.colcon_core.environment:checking '/home/averyhsu/projects/Wheeled_Biped/simulation_ws2/install/control/bin'
[0.344s] INFO:colcon.colcon_core.shell:Creating package script '/home/averyhsu/projects/Wheeled_Biped/simulation_ws2/install/control/share/control/package.ps1'
[0.345s] INFO:colcon.colcon_core.shell:Creating package descriptor '/home/averyhsu/projects/Wheeled_Biped/simulation_ws2/install/control/share/control/package.dsv'
[0.345s] INFO:colcon.colcon_core.shell:Creating package script '/home/averyhsu/projects/Wheeled_Biped/simulation_ws2/install/control/share/control/package.sh'
[0.346s] INFO:colcon.colcon_core.shell:Creating package script '/home/averyhsu/projects/Wheeled_Biped/simulation_ws2/install/control/share/control/package.bash'
[0.346s] INFO:colcon.colcon_core.shell:Creating package script '/home/averyhsu/projects/Wheeled_Biped/simulation_ws2/install/control/share/control/package.zsh'
[0.347s] Level 1:colcon.colcon_core.environment:create_file_with_runtime_dependencies(/home/averyhsu/projects/Wheeled_Biped/simulation_ws2/install/control/share/colcon-core/packages/control)
[0.347s] Level 1:colcon.colcon_core.environment:create_environment_scripts_only(control)
[0.347s] Level 1:colcon.colcon_core.environment:checking '/home/averyhsu/projects/Wheeled_Biped/simulation_ws2/install/control' for CMake module files
[0.347s] Level 1:colcon.colcon_core.environment:checking '/home/averyhsu/projects/Wheeled_Biped/simulation_ws2/install/control' for CMake config files
[0.347s] Level 1:colcon.colcon_core.shell:create_environment_hook('control', 'cmake_prefix_path')
[0.348s] INFO:colcon.colcon_core.shell:Creating environment hook '/home/averyhsu/projects/Wheeled_Biped/simulation_ws2/install/control/share/control/hook/cmake_prefix_path.ps1'
[0.348s] INFO:colcon.colcon_core.shell:Creating environment descriptor '/home/averyhsu/projects/Wheeled_Biped/simulation_ws2/install/control/share/control/hook/cmake_prefix_path.dsv'
[0.348s] INFO:colcon.colcon_core.shell:Creating environment hook '/home/averyhsu/projects/Wheeled_Biped/simulation_ws2/install/control/share/control/hook/cmake_prefix_path.sh'
[0.348s] Level 1:colcon.colcon_core.environment:checking '/home/averyhsu/projects/Wheeled_Biped/simulation_ws2/install/control/bin'
[0.348s] Level 1:colcon.colcon_core.environment:checking '/home/averyhsu/projects/Wheeled_Biped/simulation_ws2/install/control/lib/pkgconfig/control.pc'
[0.349s] Level 1:colcon.colcon_core.environment:checking '/home/averyhsu/projects/Wheeled_Biped/simulation_ws2/install/control/lib/python3.10/site-packages'
[0.349s] Level 1:colcon.colcon_core.environment:checking '/home/averyhsu/projects/Wheeled_Biped/simulation_ws2/install/control/bin'
[0.349s] INFO:colcon.colcon_core.shell:Creating package script '/home/averyhsu/projects/Wheeled_Biped/simulation_ws2/install/control/share/control/package.ps1'
[0.349s] INFO:colcon.colcon_core.shell:Creating package descriptor '/home/averyhsu/projects/Wheeled_Biped/simulation_ws2/install/control/share/control/package.dsv'
[0.350s] INFO:colcon.colcon_core.shell:Creating package script '/home/averyhsu/projects/Wheeled_Biped/simulation_ws2/install/control/share/control/package.sh'
[0.350s] INFO:colcon.colcon_core.shell:Creating package script '/home/averyhsu/projects/Wheeled_Biped/simulation_ws2/install/control/share/control/package.bash'
[0.350s] INFO:colcon.colcon_core.shell:Creating package script '/home/averyhsu/projects/Wheeled_Biped/simulation_ws2/install/control/share/control/package.zsh'
[0.350s] Level 1:colcon.colcon_core.environment:create_file_with_runtime_dependencies(/home/averyhsu/projects/Wheeled_Biped/simulation_ws2/install/control/share/colcon-core/packages/control)
[0.680s] DEBUG:colcon.colcon_core.event_handler.log_command:Invoked command in '/home/averyhsu/projects/Wheeled_Biped/simulation_ws2/build/simulation' returned '0': CMAKE_PREFIX_PATH=${CMAKE_PREFIX_PATH}:/home/averyhsu/16280/ros2_ws/install/turtlebot3_teleop:/home/averyhsu/16280/ros2_ws/install/turtlebot3_example:/home/averyhsu/16280/ros2_ws/install/tb3_yaw_fusion:/home/averyhsu/16280/ros2_ws/install/talker:/home/averyhsu/16280/ros2_ws/install/occupancy_map:/home/averyhsu/16280/ros2_ws/install/icp_package:/opt/ros/humble /usr/bin/cmake --build /home/averyhsu/projects/Wheeled_Biped/simulation_ws2/build/simulation -- -j20 -l20
[0.683s] DEBUG:colcon.colcon_core.event_handler.log_command:Invoking command in '/home/averyhsu/projects/Wheeled_Biped/simulation_ws2/build/simulation': CMAKE_PREFIX_PATH=${CMAKE_PREFIX_PATH}:/home/averyhsu/16280/ros2_ws/install/turtlebot3_teleop:/home/averyhsu/16280/ros2_ws/install/turtlebot3_example:/home/averyhsu/16280/ros2_ws/install/tb3_yaw_fusion:/home/averyhsu/16280/ros2_ws/install/talker:/home/averyhsu/16280/ros2_ws/install/occupancy_map:/home/averyhsu/16280/ros2_ws/install/icp_package:/opt/ros/humble /usr/bin/cmake --install /home/averyhsu/projects/Wheeled_Biped/simulation_ws2/build/simulation
[0.692s] Level 1:colcon.colcon_core.environment:create_environment_scripts_only(simulation)
[0.692s] DEBUG:colcon.colcon_core.event_handler.log_command:Invoked command in '/home/averyhsu/projects/Wheeled_Biped/simulation_ws2/build/simulation' returned '0': CMAKE_PREFIX_PATH=${CMAKE_PREFIX_PATH}:/home/averyhsu/16280/ros2_ws/install/turtlebot3_teleop:/home/averyhsu/16280/ros2_ws/install/turtlebot3_example:/home/averyhsu/16280/ros2_ws/install/tb3_yaw_fusion:/home/averyhsu/16280/ros2_ws/install/talker:/home/averyhsu/16280/ros2_ws/install/occupancy_map:/home/averyhsu/16280/ros2_ws/install/icp_package:/opt/ros/humble /usr/bin/cmake --install /home/averyhsu/projects/Wheeled_Biped/simulation_ws2/build/simulation
[0.693s] Level 1:colcon.colcon_core.environment:checking '/home/averyhsu/projects/Wheeled_Biped/simulation_ws2/install/simulation' for CMake module files
[0.694s] Level 1:colcon.colcon_core.environment:checking '/home/averyhsu/projects/Wheeled_Biped/simulation_ws2/install/simulation' for CMake config files
[0.694s] Level 1:colcon.colcon_core.shell:create_environment_hook('simulation', 'cmake_prefix_path')
[0.694s] INFO:colcon.colcon_core.shell:Creating environment hook '/home/averyhsu/projects/Wheeled_Biped/simulation_ws2/install/simulation/share/simulation/hook/cmake_prefix_path.ps1'
[0.694s] INFO:colcon.colcon_core.shell:Creating environment descriptor '/home/averyhsu/projects/Wheeled_Biped/simulation_ws2/install/simulation/share/simulation/hook/cmake_prefix_path.dsv'
[0.695s] INFO:colcon.colcon_core.shell:Creating environment hook '/home/averyhsu/projects/Wheeled_Biped/simulation_ws2/install/simulation/share/simulation/hook/cmake_prefix_path.sh'
[0.695s] Level 1:colcon.colcon_core.environment:checking '/home/averyhsu/projects/Wheeled_Biped/simulation_ws2/install/simulation/bin'
[0.695s] Level 1:colcon.colcon_core.environment:checking '/home/averyhsu/projects/Wheeled_Biped/simulation_ws2/install/simulation/lib/pkgconfig/simulation.pc'
[0.695s] Level 1:colcon.colcon_core.environment:checking '/home/averyhsu/projects/Wheeled_Biped/simulation_ws2/install/simulation/lib/python3.10/site-packages'
[0.695s] Level 1:colcon.colcon_core.environment:checking '/home/averyhsu/projects/Wheeled_Biped/simulation_ws2/install/simulation/bin'
[0.696s] INFO:colcon.colcon_core.shell:Creating package script '/home/averyhsu/projects/Wheeled_Biped/simulation_ws2/install/simulation/share/simulation/package.ps1'
[0.696s] INFO:colcon.colcon_core.shell:Creating package descriptor '/home/averyhsu/projects/Wheeled_Biped/simulation_ws2/install/simulation/share/simulation/package.dsv'
[0.696s] INFO:colcon.colcon_core.shell:Creating package script '/home/averyhsu/projects/Wheeled_Biped/simulation_ws2/install/simulation/share/simulation/package.sh'
[0.697s] INFO:colcon.colcon_core.shell:Creating package script '/home/averyhsu/projects/Wheeled_Biped/simulation_ws2/install/simulation/share/simulation/package.bash'
[0.697s] INFO:colcon.colcon_core.shell:Creating package script '/home/averyhsu/projects/Wheeled_Biped/simulation_ws2/install/simulation/share/simulation/package.zsh'
[0.697s] Level 1:colcon.colcon_core.environment:create_file_with_runtime_dependencies(/home/averyhsu/projects/Wheeled_Biped/simulation_ws2/install/simulation/share/colcon-core/packages/simulation)
[0.698s] Level 1:colcon.colcon_core.environment:create_environment_scripts_only(simulation)
[0.698s] Level 1:colcon.colcon_core.environment:checking '/home/averyhsu/projects/Wheeled_Biped/simulation_ws2/install/simulation' for CMake module files
[0.698s] Level 1:colcon.colcon_core.environment:checking '/home/averyhsu/projects/Wheeled_Biped/simulation_ws2/install/simulation' for CMake config files
[0.698s] Level 1:colcon.colcon_core.shell:create_environment_hook('simulation', 'cmake_prefix_path')
[0.699s] INFO:colcon.colcon_core.shell:Creating environment hook '/home/averyhsu/projects/Wheeled_Biped/simulation_ws2/install/simulation/share/simulation/hook/cmake_prefix_path.ps1'
[0.699s] INFO:colcon.colcon_core.shell:Creating environment descriptor '/home/averyhsu/projects/Wheeled_Biped/simulation_ws2/install/simulation/share/simulation/hook/cmake_prefix_path.dsv'
[0.699s] INFO:colcon.colcon_core.shell:Creating environment hook '/home/averyhsu/projects/Wheeled_Biped/simulation_ws2/install/simulation/share/simulation/hook/cmake_prefix_path.sh'
[0.699s] Level 1:colcon.colcon_core.environment:checking '/home/averyhsu/projects/Wheeled_Biped/simulation_ws2/install/simulation/bin'
[0.699s] Level 1:colcon.colcon_core.environment:checking '/home/averyhsu/projects/Wheeled_Biped/simulation_ws2/install/simulation/lib/pkgconfig/simulation.pc'
[0.700s] Level 1:colcon.colcon_core.environment:checking '/home/averyhsu/projects/Wheeled_Biped/simulation_ws2/install/simulation/lib/python3.10/site-packages'
[0.700s] Level 1:colcon.colcon_core.environment:checking '/home/averyhsu/projects/Wheeled_Biped/simulation_ws2/install/simulation/bin'
[0.700s] INFO:colcon.colcon_core.shell:Creating package script '/home/averyhsu/projects/Wheeled_Biped/simulation_ws2/install/simulation/share/simulation/package.ps1'
[0.700s] INFO:colcon.colcon_core.shell:Creating package descriptor '/home/averyhsu/projects/Wheeled_Biped/simulation_ws2/install/simulation/share/simulation/package.dsv'
[0.701s] INFO:colcon.colcon_core.shell:Creating package script '/home/averyhsu/projects/Wheeled_Biped/simulation_ws2/install/simulation/share/simulation/package.sh'
[0.701s] INFO:colcon.colcon_core.shell:Creating package script '/home/averyhsu/projects/Wheeled_Biped/simulation_ws2/install/simulation/share/simulation/package.bash'
[0.701s] INFO:colcon.colcon_core.shell:Creating package script '/home/averyhsu/projects/Wheeled_Biped/simulation_ws2/install/simulation/share/simulation/package.zsh'
[0.702s] Level 1:colcon.colcon_core.environment:create_file_with_runtime_dependencies(/home/averyhsu/projects/Wheeled_Biped/simulation_ws2/install/simulation/share/colcon-core/packages/simulation)
[0.702s] DEBUG:colcon.colcon_parallel_executor.executor.parallel:closing loop
[0.702s] DEBUG:colcon.colcon_parallel_executor.executor.parallel:loop closed
[0.702s] DEBUG:colcon.colcon_parallel_executor.executor.parallel:run_until_complete finished with '0'
[0.702s] DEBUG:colcon.colcon_core.event_reactor:joining thread
[0.707s] INFO:colcon.colcon_core.plugin_system:Skipping extension 'colcon_notification.desktop_notification.terminal_notifier': Not used on non-Darwin systems
[0.707s] INFO:colcon.colcon_core.plugin_system:Skipping extension 'colcon_notification.desktop_notification.win32': Not used on non-Windows systems
[0.707s] INFO:colcon.colcon_notification.desktop_notification:Sending desktop notification using 'notify2'
[0.718s] DEBUG:colcon.colcon_core.event_reactor:joined thread
[0.719s] INFO:colcon.colcon_core.shell:Creating prefix script '/home/averyhsu/projects/Wheeled_Biped/simulation_ws2/install/local_setup.ps1'
[0.719s] INFO:colcon.colcon_core.shell:Creating prefix util module '/home/averyhsu/projects/Wheeled_Biped/simulation_ws2/install/_local_setup_util_ps1.py'
[0.721s] INFO:colcon.colcon_core.shell:Creating prefix chain script '/home/averyhsu/projects/Wheeled_Biped/simulation_ws2/install/setup.ps1'
[0.722s] INFO:colcon.colcon_core.shell:Creating prefix script '/home/averyhsu/projects/Wheeled_Biped/simulation_ws2/install/local_setup.sh'
[0.722s] INFO:colcon.colcon_core.shell:Creating prefix util module '/home/averyhsu/projects/Wheeled_Biped/simulation_ws2/install/_local_setup_util_sh.py'
[0.722s] INFO:colcon.colcon_core.shell:Creating prefix chain script '/home/averyhsu/projects/Wheeled_Biped/simulation_ws2/install/setup.sh'
[0.724s] INFO:colcon.colcon_core.shell:Creating prefix script '/home/averyhsu/projects/Wheeled_Biped/simulation_ws2/install/local_setup.bash'
[0.724s] INFO:colcon.colcon_core.shell:Creating prefix chain script '/home/averyhsu/projects/Wheeled_Biped/simulation_ws2/install/setup.bash'
[0.726s] INFO:colcon.colcon_core.shell:Creating prefix script '/home/averyhsu/projects/Wheeled_Biped/simulation_ws2/install/local_setup.zsh'
[0.726s] INFO:colcon.colcon_core.shell:Creating prefix chain script '/home/averyhsu/projects/Wheeled_Biped/simulation_ws2/install/setup.zsh'
