[0.008s] Invoking command in '/home/averyhsu/projects/Wheeled_Biped/simulation_ws2/build/control': CMAKE_PREFIX_PATH=${CMAKE_PREFIX_PATH}:/home/averyhsu/16280/ros2_ws/install/turtlebot3_teleop:/home/averyhsu/16280/ros2_ws/install/turtlebot3_example:/home/averyhsu/16280/ros2_ws/install/tb3_yaw_fusion:/home/averyhsu/16280/ros2_ws/install/talker:/home/averyhsu/16280/ros2_ws/install/occupancy_map:/home/averyhsu/16280/ros2_ws/install/icp_package:/opt/ros/humble /usr/bin/cmake /home/averyhsu/projects/Wheeled_Biped/simulation_ws2/src/control -DCMAKE_INSTALL_PREFIX=/home/averyhsu/projects/Wheeled_Biped/simulation_ws2/install/control
[0.089s] -- The C compiler identification is GNU 11.4.0
[0.166s] -- The CXX compiler identification is GNU 11.4.0
[0.173s] -- Detecting C compiler ABI info
[0.228s] -- Detecting C compiler ABI info - done
[0.232s] -- Check for working C compiler: /usr/bin/cc - skipped
[0.232s] -- Detecting C compile features
[0.233s] -- Detecting C compile features - done
[0.235s] -- Detecting CXX compiler ABI info
[0.293s] -- Detecting CXX compiler ABI info - done
[0.298s] -- Check for working CXX compiler: /usr/bin/c++ - skipped
[0.298s] -- Detecting CXX compile features
[0.299s] -- Detecting CXX compile features - done
[0.303s] -- Found ament_cmake: 1.3.12 (/opt/ros/humble/share/ament_cmake/cmake)
[0.414s] -- Found Python3: /usr/bin/python3 (found version "3.10.12") found components: Interpreter 
[0.501s] -- Found ament_lint_auto: 0.12.14 (/opt/ros/humble/share/ament_lint_auto/cmake)
[0.561s] -- Added test 'lint_cmake' to check CMake code style
[0.562s] -- Added test 'xmllint' to check XML markup files
[0.564s] -- Configuring done
[0.565s] -- Generating done
[0.566s] -- Build files have been written to: /home/averyhsu/projects/Wheeled_Biped/simulation_ws2/build/control
[0.570s] Invoked command in '/home/averyhsu/projects/Wheeled_Biped/simulation_ws2/build/control' returned '0': CMAKE_PREFIX_PATH=${CMAKE_PREFIX_PATH}:/home/averyhsu/16280/ros2_ws/install/turtlebot3_teleop:/home/averyhsu/16280/ros2_ws/install/turtlebot3_example:/home/averyhsu/16280/ros2_ws/install/tb3_yaw_fusion:/home/averyhsu/16280/ros2_ws/install/talker:/home/averyhsu/16280/ros2_ws/install/occupancy_map:/home/averyhsu/16280/ros2_ws/install/icp_package:/opt/ros/humble /usr/bin/cmake /home/averyhsu/projects/Wheeled_Biped/simulation_ws2/src/control -DCMAKE_INSTALL_PREFIX=/home/averyhsu/projects/Wheeled_Biped/simulation_ws2/install/control
[0.571s] Invoking command in '/home/averyhsu/projects/Wheeled_Biped/simulation_ws2/build/control': CMAKE_PREFIX_PATH=${CMAKE_PREFIX_PATH}:/home/averyhsu/16280/ros2_ws/install/turtlebot3_teleop:/home/averyhsu/16280/ros2_ws/install/turtlebot3_example:/home/averyhsu/16280/ros2_ws/install/tb3_yaw_fusion:/home/averyhsu/16280/ros2_ws/install/talker:/home/averyhsu/16280/ros2_ws/install/occupancy_map:/home/averyhsu/16280/ros2_ws/install/icp_package:/opt/ros/humble /usr/bin/cmake --build /home/averyhsu/projects/Wheeled_Biped/simulation_ws2/build/control -- -j20 -l20
[0.598s] Invoked command in '/home/averyhsu/projects/Wheeled_Biped/simulation_ws2/build/control' returned '0': CMAKE_PREFIX_PATH=${CMAKE_PREFIX_PATH}:/home/averyhsu/16280/ros2_ws/install/turtlebot3_teleop:/home/averyhsu/16280/ros2_ws/install/turtlebot3_example:/home/averyhsu/16280/ros2_ws/install/tb3_yaw_fusion:/home/averyhsu/16280/ros2_ws/install/talker:/home/averyhsu/16280/ros2_ws/install/occupancy_map:/home/averyhsu/16280/ros2_ws/install/icp_package:/opt/ros/humble /usr/bin/cmake --build /home/averyhsu/projects/Wheeled_Biped/simulation_ws2/build/control -- -j20 -l20
[0.604s] Invoking command in '/home/averyhsu/projects/Wheeled_Biped/simulation_ws2/build/control': CMAKE_PREFIX_PATH=${CMAKE_PREFIX_PATH}:/home/averyhsu/16280/ros2_ws/install/turtlebot3_teleop:/home/averyhsu/16280/ros2_ws/install/turtlebot3_example:/home/averyhsu/16280/ros2_ws/install/tb3_yaw_fusion:/home/averyhsu/16280/ros2_ws/install/talker:/home/averyhsu/16280/ros2_ws/install/occupancy_map:/home/averyhsu/16280/ros2_ws/install/icp_package:/opt/ros/humble /usr/bin/cmake --install /home/averyhsu/projects/Wheeled_Biped/simulation_ws2/build/control
[0.608s] -- Install configuration: ""
[0.608s] -- Installing: /home/averyhsu/projects/Wheeled_Biped/simulation_ws2/install/control/share/ament_index/resource_index/package_run_dependencies/control
[0.608s] -- Installing: /home/averyhsu/projects/Wheeled_Biped/simulation_ws2/install/control/share/ament_index/resource_index/parent_prefix_path/control
[0.608s] -- Installing: /home/averyhsu/projects/Wheeled_Biped/simulation_ws2/install/control/share/control/environment/ament_prefix_path.sh
[0.609s] -- Installing: /home/averyhsu/projects/Wheeled_Biped/simulation_ws2/install/control/share/control/environment/ament_prefix_path.dsv
[0.609s] -- Installing: /home/averyhsu/projects/Wheeled_Biped/simulation_ws2/install/control/share/control/environment/path.sh
[0.609s] -- Installing: /home/averyhsu/projects/Wheeled_Biped/simulation_ws2/install/control/share/control/environment/path.dsv
[0.609s] -- Installing: /home/averyhsu/projects/Wheeled_Biped/simulation_ws2/install/control/share/control/local_setup.bash
[0.609s] -- Installing: /home/averyhsu/projects/Wheeled_Biped/simulation_ws2/install/control/share/control/local_setup.sh
[0.609s] -- Installing: /home/averyhsu/projects/Wheeled_Biped/simulation_ws2/install/control/share/control/local_setup.zsh
[0.609s] -- Installing: /home/averyhsu/projects/Wheeled_Biped/simulation_ws2/install/control/share/control/local_setup.dsv
[0.609s] -- Installing: /home/averyhsu/projects/Wheeled_Biped/simulation_ws2/install/control/share/control/package.dsv
[0.609s] -- Installing: /home/averyhsu/projects/Wheeled_Biped/simulation_ws2/install/control/share/ament_index/resource_index/packages/control
[0.609s] -- Installing: /home/averyhsu/projects/Wheeled_Biped/simulation_ws2/install/control/share/control/cmake/controlConfig.cmake
[0.609s] -- Installing: /home/averyhsu/projects/Wheeled_Biped/simulation_ws2/install/control/share/control/cmake/controlConfig-version.cmake
[0.609s] -- Installing: /home/averyhsu/projects/Wheeled_Biped/simulation_ws2/install/control/share/control/package.xml
[0.610s] Invoked command in '/home/averyhsu/projects/Wheeled_Biped/simulation_ws2/build/control' returned '0': CMAKE_PREFIX_PATH=${CMAKE_PREFIX_PATH}:/home/averyhsu/16280/ros2_ws/install/turtlebot3_teleop:/home/averyhsu/16280/ros2_ws/install/turtlebot3_example:/home/averyhsu/16280/ros2_ws/install/tb3_yaw_fusion:/home/averyhsu/16280/ros2_ws/install/talker:/home/averyhsu/16280/ros2_ws/install/occupancy_map:/home/averyhsu/16280/ros2_ws/install/icp_package:/opt/ros/humble /usr/bin/cmake --install /home/averyhsu/projects/Wheeled_Biped/simulation_ws2/build/control
