[0.009s] Invoking command in '/home/averyhsu/projects/Wheeled_Biped/simulation_ws2/build/control': CMAKE_PREFIX_PATH=${CMAKE_PREFIX_PATH}:/home/averyhsu/16280/ros2_ws/install/turtlebot3_teleop:/home/averyhsu/16280/ros2_ws/install/turtlebot3_example:/home/averyhsu/16280/ros2_ws/install/tb3_yaw_fusion:/home/averyhsu/16280/ros2_ws/install/talker:/home/averyhsu/16280/ros2_ws/install/occupancy_map:/home/averyhsu/16280/ros2_ws/install/icp_package:/opt/ros/humble /usr/bin/cmake --build /home/averyhsu/projects/Wheeled_Biped/simulation_ws2/build/control -- -j20 -l20
[0.053s] Invoked command in '/home/averyhsu/projects/Wheeled_Biped/simulation_ws2/build/control' returned '0': CMAKE_PREFIX_PATH=${CMAKE_PREFIX_PATH}:/home/averyhsu/16280/ros2_ws/install/turtlebot3_teleop:/home/averyhsu/16280/ros2_ws/install/turtlebot3_example:/home/averyhsu/16280/ros2_ws/install/tb3_yaw_fusion:/home/averyhsu/16280/ros2_ws/install/talker:/home/averyhsu/16280/ros2_ws/install/occupancy_map:/home/averyhsu/16280/ros2_ws/install/icp_package:/opt/ros/humble /usr/bin/cmake --build /home/averyhsu/projects/Wheeled_Biped/simulation_ws2/build/control -- -j20 -l20
[0.054s] Invoking command in '/home/averyhsu/projects/Wheeled_Biped/simulation_ws2/build/control': CMAKE_PREFIX_PATH=${CMAKE_PREFIX_PATH}:/home/averyhsu/16280/ros2_ws/install/turtlebot3_teleop:/home/averyhsu/16280/ros2_ws/install/turtlebot3_example:/home/averyhsu/16280/ros2_ws/install/tb3_yaw_fusion:/home/averyhsu/16280/ros2_ws/install/talker:/home/averyhsu/16280/ros2_ws/install/occupancy_map:/home/averyhsu/16280/ros2_ws/install/icp_package:/opt/ros/humble /usr/bin/cmake --install /home/averyhsu/projects/Wheeled_Biped/simulation_ws2/build/control
[0.064s] -- Install configuration: ""
[0.064s] -- Up-to-date: /home/averyhsu/projects/Wheeled_Biped/simulation_ws2/install/control/share/ament_index/resource_index/package_run_dependencies/control
[0.065s] -- Up-to-date: /home/averyhsu/projects/Wheeled_Biped/simulation_ws2/install/control/share/ament_index/resource_index/parent_prefix_path/control
[0.065s] -- Up-to-date: /home/averyhsu/projects/Wheeled_Biped/simulation_ws2/install/control/share/control/environment/ament_prefix_path.sh
[0.065s] -- Up-to-date: /home/averyhsu/projects/Wheeled_Biped/simulation_ws2/install/control/share/control/environment/ament_prefix_path.dsv
[0.065s] -- Up-to-date: /home/averyhsu/projects/Wheeled_Biped/simulation_ws2/install/control/share/control/environment/path.sh
[0.065s] -- Up-to-date: /home/averyhsu/projects/Wheeled_Biped/simulation_ws2/install/control/share/control/environment/path.dsv
[0.065s] -- Up-to-date: /home/averyhsu/projects/Wheeled_Biped/simulation_ws2/install/control/share/control/local_setup.bash
[0.065s] -- Up-to-date: /home/averyhsu/projects/Wheeled_Biped/simulation_ws2/install/control/share/control/local_setup.sh
[0.066s] -- Up-to-date: /home/averyhsu/projects/Wheeled_Biped/simulation_ws2/install/control/share/control/local_setup.zsh
[0.066s] -- Up-to-date: /home/averyhsu/projects/Wheeled_Biped/simulation_ws2/install/control/share/control/local_setup.dsv
[0.066s] -- Installing: /home/averyhsu/projects/Wheeled_Biped/simulation_ws2/install/control/share/control/package.dsv
[0.066s] -- Up-to-date: /home/averyhsu/projects/Wheeled_Biped/simulation_ws2/install/control/share/ament_index/resource_index/packages/control
[0.066s] -- Up-to-date: /home/averyhsu/projects/Wheeled_Biped/simulation_ws2/install/control/share/control/cmake/controlConfig.cmake
[0.066s] -- Up-to-date: /home/averyhsu/projects/Wheeled_Biped/simulation_ws2/install/control/share/control/cmake/controlConfig-version.cmake
[0.066s] -- Up-to-date: /home/averyhsu/projects/Wheeled_Biped/simulation_ws2/install/control/share/control/package.xml
[0.078s] Invoked command in '/home/averyhsu/projects/Wheeled_Biped/simulation_ws2/build/control' returned '0': CMAKE_PREFIX_PATH=${CMAKE_PREFIX_PATH}:/home/averyhsu/16280/ros2_ws/install/turtlebot3_teleop:/home/averyhsu/16280/ros2_ws/install/turtlebot3_example:/home/averyhsu/16280/ros2_ws/install/tb3_yaw_fusion:/home/averyhsu/16280/ros2_ws/install/talker:/home/averyhsu/16280/ros2_ws/install/occupancy_map:/home/averyhsu/16280/ros2_ws/install/icp_package:/opt/ros/humble /usr/bin/cmake --install /home/averyhsu/projects/Wheeled_Biped/simulation_ws2/build/control
