[0.007s] Invoking command in '/home/averyhsu/projects/Wheeled_Biped/simulation_ws2/build/simulation': CMAKE_PREFIX_PATH=${CMAKE_PREFIX_PATH}:/home/averyhsu/16280/ros2_ws/install/turtlebot3_teleop:/home/averyhsu/16280/ros2_ws/install/turtlebot3_example:/home/averyhsu/16280/ros2_ws/install/tb3_yaw_fusion:/home/averyhsu/16280/ros2_ws/install/talker:/home/averyhsu/16280/ros2_ws/install/occupancy_map:/home/averyhsu/16280/ros2_ws/install/icp_package:/opt/ros/humble /usr/bin/cmake --build /home/averyhsu/projects/Wheeled_Biped/simulation_ws2/build/simulation -- -j20 -l20
[0.022s] -- Found ament_cmake: 1.3.12 (/opt/ros/humble/share/ament_cmake/cmake)
[0.106s] -- Found rclcpp: 16.0.15 (/opt/ros/humble/share/rclcpp/cmake)
[0.166s] -- Found rosidl_generator_c: 3.1.7 (/opt/ros/humble/share/rosidl_generator_c/cmake)
[0.175s] -- Found rosidl_adapter: 3.1.7 (/opt/ros/humble/share/rosidl_adapter/cmake)
[0.188s] -- Found rosidl_generator_cpp: 3.1.7 (/opt/ros/humble/share/rosidl_generator_cpp/cmake)
[0.203s] -- Using all available rosidl_typesupport_c: rosidl_typesupport_fastrtps_c;rosidl_typesupport_introspection_c
[0.220s] -- Using all available rosidl_typesupport_cpp: rosidl_typesupport_fastrtps_cpp;rosidl_typesupport_introspection_cpp
[0.264s] -- Found rmw_implementation_cmake: 6.1.2 (/opt/ros/humble/share/rmw_implementation_cmake/cmake)
[0.267s] -- Found rmw_fastrtps_cpp: 6.2.8 (/opt/ros/humble/share/rmw_fastrtps_cpp/cmake)
[0.368s] -- Found OpenSSL: /usr/lib/x86_64-linux-gnu/libcrypto.so (found version "3.0.2")  
[0.393s] -- Found FastRTPS: /opt/ros/humble/include  
[0.422s] -- Using RMW implementation 'rmw_fastrtps_cpp' as default
[0.434s] -- Looking for pthread.h
[0.493s] -- Looking for pthread.h - found
[0.493s] -- Performing Test CMAKE_HAVE_LIBC_PTHREAD
[0.550s] -- Performing Test CMAKE_HAVE_LIBC_PTHREAD - Success
[0.551s] -- Found Threads: TRUE  
[0.592s] -- Found ament_lint_auto: 0.12.14 (/opt/ros/humble/share/ament_lint_auto/cmake)
[0.632s] -- Added test 'flake8' to check Python code syntax and style conventions
[0.632s] -- Added test 'lint_cmake' to check CMake code style
[0.632s] -- Added test 'pep257' to check Python code against some of the docstring style conventions in PEP 257
[0.632s] -- Added test 'xmllint' to check XML markup files
[0.632s] -- Configuring done
[0.634s] -- Generating done
[0.636s] -- Build files have been written to: /home/averyhsu/projects/Wheeled_Biped/simulation_ws2/build/simulation
[0.652s] Invoked command in '/home/averyhsu/projects/Wheeled_Biped/simulation_ws2/build/simulation' returned '0': CMAKE_PREFIX_PATH=${CMAKE_PREFIX_PATH}:/home/averyhsu/16280/ros2_ws/install/turtlebot3_teleop:/home/averyhsu/16280/ros2_ws/install/turtlebot3_example:/home/averyhsu/16280/ros2_ws/install/tb3_yaw_fusion:/home/averyhsu/16280/ros2_ws/install/talker:/home/averyhsu/16280/ros2_ws/install/occupancy_map:/home/averyhsu/16280/ros2_ws/install/icp_package:/opt/ros/humble /usr/bin/cmake --build /home/averyhsu/projects/Wheeled_Biped/simulation_ws2/build/simulation -- -j20 -l20
[0.654s] Invoking command in '/home/averyhsu/projects/Wheeled_Biped/simulation_ws2/build/simulation': CMAKE_PREFIX_PATH=${CMAKE_PREFIX_PATH}:/home/averyhsu/16280/ros2_ws/install/turtlebot3_teleop:/home/averyhsu/16280/ros2_ws/install/turtlebot3_example:/home/averyhsu/16280/ros2_ws/install/tb3_yaw_fusion:/home/averyhsu/16280/ros2_ws/install/talker:/home/averyhsu/16280/ros2_ws/install/occupancy_map:/home/averyhsu/16280/ros2_ws/install/icp_package:/opt/ros/humble /usr/bin/cmake --install /home/averyhsu/projects/Wheeled_Biped/simulation_ws2/build/simulation
[0.660s] -- Install configuration: ""
[0.660s] -- Installing: /home/averyhsu/projects/Wheeled_Biped/simulation_ws2/install/simulation/share/simulation/launch
[0.660s] -- Installing: /home/averyhsu/projects/Wheeled_Biped/simulation_ws2/install/simulation/share/simulation/launch/robot_launch.py
[0.660s] -- Installing: /home/averyhsu/projects/Wheeled_Biped/simulation_ws2/install/simulation/share/simulation/robot_description
[0.660s] -- Installing: /home/averyhsu/projects/Wheeled_Biped/simulation_ws2/install/simulation/share/simulation/robot_description/robot.urdf.xacro
[0.660s] -- Installing: /home/averyhsu/projects/Wheeled_Biped/simulation_ws2/install/simulation/share/simulation/config
[0.660s] -- Installing: /home/averyhsu/projects/Wheeled_Biped/simulation_ws2/install/simulation/share/simulation/config/robot.rviz
[0.660s] -- Installing: /home/averyhsu/projects/Wheeled_Biped/simulation_ws2/install/simulation/share/ament_index/resource_index/package_run_dependencies/simulation
[0.660s] -- Installing: /home/averyhsu/projects/Wheeled_Biped/simulation_ws2/install/simulation/share/ament_index/resource_index/parent_prefix_path/simulation
[0.660s] -- Up-to-date: /home/averyhsu/projects/Wheeled_Biped/simulation_ws2/install/simulation/share/simulation/environment/ament_prefix_path.sh
[0.660s] -- Installing: /home/averyhsu/projects/Wheeled_Biped/simulation_ws2/install/simulation/share/simulation/environment/ament_prefix_path.dsv
[0.660s] -- Up-to-date: /home/averyhsu/projects/Wheeled_Biped/simulation_ws2/install/simulation/share/simulation/environment/path.sh
[0.660s] -- Installing: /home/averyhsu/projects/Wheeled_Biped/simulation_ws2/install/simulation/share/simulation/environment/path.dsv
[0.660s] -- Up-to-date: /home/averyhsu/projects/Wheeled_Biped/simulation_ws2/install/simulation/share/simulation/local_setup.bash
[0.660s] -- Up-to-date: /home/averyhsu/projects/Wheeled_Biped/simulation_ws2/install/simulation/share/simulation/local_setup.sh
[0.660s] -- Up-to-date: /home/averyhsu/projects/Wheeled_Biped/simulation_ws2/install/simulation/share/simulation/local_setup.zsh
[0.660s] -- Installing: /home/averyhsu/projects/Wheeled_Biped/simulation_ws2/install/simulation/share/simulation/local_setup.dsv
[0.660s] -- Installing: /home/averyhsu/projects/Wheeled_Biped/simulation_ws2/install/simulation/share/simulation/package.dsv
[0.660s] -- Up-to-date: /home/averyhsu/projects/Wheeled_Biped/simulation_ws2/install/simulation/share/ament_index/resource_index/packages/simulation
[0.660s] -- Up-to-date: /home/averyhsu/projects/Wheeled_Biped/simulation_ws2/install/simulation/share/simulation/cmake/simulationConfig.cmake
[0.660s] -- Up-to-date: /home/averyhsu/projects/Wheeled_Biped/simulation_ws2/install/simulation/share/simulation/cmake/simulationConfig-version.cmake
[0.660s] -- Installing: /home/averyhsu/projects/Wheeled_Biped/simulation_ws2/install/simulation/share/simulation/package.xml
[0.661s] Invoked command in '/home/averyhsu/projects/Wheeled_Biped/simulation_ws2/build/simulation' returned '0': CMAKE_PREFIX_PATH=${CMAKE_PREFIX_PATH}:/home/averyhsu/16280/ros2_ws/install/turtlebot3_teleop:/home/averyhsu/16280/ros2_ws/install/turtlebot3_example:/home/averyhsu/16280/ros2_ws/install/tb3_yaw_fusion:/home/averyhsu/16280/ros2_ws/install/talker:/home/averyhsu/16280/ros2_ws/install/occupancy_map:/home/averyhsu/16280/ros2_ws/install/icp_package:/opt/ros/humble /usr/bin/cmake --install /home/averyhsu/projects/Wheeled_Biped/simulation_ws2/build/simulation
