-- Install configuration: ""
-- Up-to-date: /home/averyhsu/projects/Wheeled_Biped/simulation_ws2/install/simulation/share/simulation/launch
-- Up-to-date: /home/averyhsu/projects/Wheeled_Biped/simulation_ws2/install/simulation/share/simulation/launch/gazebo_launch.py
-- Up-to-date: /home/averyhsu/projects/Wheeled_Biped/simulation_ws2/install/simulation/share/simulation/launch/rviz_launch.py
-- Up-to-date: /home/averyhsu/projects/Wheeled_Biped/simulation_ws2/install/simulation/share/simulation/robot_description
-- Installing: /home/averyhsu/projects/Wheeled_Biped/simulation_ws2/install/simulation/share/simulation/robot_description/robot.urdf.xacro
-- Up-to-date: /home/averyhsu/projects/Wheeled_Biped/simulation_ws2/install/simulation/share/simulation/config
-- Up-to-date: /home/averyhsu/projects/Wheeled_Biped/simulation_ws2/install/simulation/share/simulation/config/robot.rviz
-- Up-to-date: /home/averyhsu/projects/Wheeled_Biped/simulation_ws2/install/simulation/share/ament_index/resource_index/package_run_dependencies/simulation
-- Up-to-date: /home/averyhsu/projects/Wheeled_Biped/simulation_ws2/install/simulation/share/ament_index/resource_index/parent_prefix_path/simulation
-- Up-to-date: /home/averyhsu/projects/Wheeled_Biped/simulation_ws2/install/simulation/share/simulation/environment/ament_prefix_path.sh
-- Up-to-date: /home/averyhsu/projects/Wheeled_Biped/simulation_ws2/install/simulation/share/simulation/environment/ament_prefix_path.dsv
-- Up-to-date: /home/averyhsu/projects/Wheeled_Biped/simulation_ws2/install/simulation/share/simulation/environment/path.sh
-- Up-to-date: /home/averyhsu/projects/Wheeled_Biped/simulation_ws2/install/simulation/share/simulation/environment/path.dsv
-- Up-to-date: /home/averyhsu/projects/Wheeled_Biped/simulation_ws2/install/simulation/share/simulation/local_setup.bash
-- Up-to-date: /home/averyhsu/projects/Wheeled_Biped/simulation_ws2/install/simulation/share/simulation/local_setup.sh
-- Up-to-date: /home/averyhsu/projects/Wheeled_Biped/simulation_ws2/install/simulation/share/simulation/local_setup.zsh
-- Up-to-date: /home/averyhsu/projects/Wheeled_Biped/simulation_ws2/install/simulation/share/simulation/local_setup.dsv
-- Installing: /home/averyhsu/projects/Wheeled_Biped/simulation_ws2/install/simulation/share/simulation/package.dsv
-- Up-to-date: /home/averyhsu/projects/Wheeled_Biped/simulation_ws2/install/simulation/share/ament_index/resource_index/packages/simulation
-- Up-to-date: /home/averyhsu/projects/Wheeled_Biped/simulation_ws2/install/simulation/share/simulation/cmake/simulationConfig.cmake
-- Up-to-date: /home/averyhsu/projects/Wheeled_Biped/simulation_ws2/install/simulation/share/simulation/cmake/simulationConfig-version.cmake
-- Up-to-date: /home/averyhsu/projects/Wheeled_Biped/simulation_ws2/install/simulation/share/simulation/package.xml
